<?xml version="1.0" encoding="UTF-8"?>
<!-- Generated by org.testng.reporters.JUnitXMLReporter -->
<testsuite ignored="0" hostname="DESKTOP-11PI1N4" failures="0" tests="4" name="Test Runner1" time="0.09" errors="0" timestamp="2023-08-10T10:08:20 IST">
  <testcase classname="batchexecution.Test2" name="demo1" time="0.015"/>
  <testcase classname="batchexecution.Test2" name="demo2" time="0.005"/>
  <testcase classname="batchexecution.Test1" name="demo1" time="0.004"/>
  <testcase classname="batchexecution.Test1" name="demo2" time="0.001"/>
</testsuite> <!-- Test Runner1 -->
