<?xml version="1.0" encoding="UTF-8"?>
<testng-results ignored="0" total="1" passed="1" failed="0" skipped="0">
  <reporter-output>
  </reporter-output>
  <suite started-at="2023-08-24T09:46:23 IST" name="Default suite" finished-at="2023-08-24T09:48:16 IST" duration-ms="112674">
    <groups>
    </groups>
    <test started-at="2023-08-24T09:46:23 IST" name="Default test" finished-at="2023-08-24T09:48:16 IST" duration-ms="112674">
      <class name="vtigerFinalScripts.CreateAndDuplicateLeadTest">
        <test-method is-config="true" signature="classSetup()[pri:0, instance:vtigerFinalScripts.CreateAndDuplicateLeadTest@57a78e3]" started-at="2023-08-24T09:46:23 IST" name="classSetup" finished-at="2023-08-24T09:46:35 IST" duration-ms="11777" status="PASS">
          <reporter-output>
          </reporter-output>
        </test-method> <!-- classSetup -->
        <test-method is-config="true" signature="methodSetup()[pri:0, instance:vtigerFinalScripts.CreateAndDuplicateLeadTest@57a78e3]" started-at="2023-08-24T09:46:35 IST" name="methodSetup" finished-at="2023-08-24T09:47:19 IST" duration-ms="43237" status="PASS">
          <reporter-output>
          </reporter-output>
        </test-method> <!-- methodSetup -->
        <test-method signature="createAndDuplicateLeadTest()[pri:0, instance:vtigerFinalScripts.CreateAndDuplicateLeadTest@57a78e3]" started-at="2023-08-24T09:47:19 IST" name="createAndDuplicateLeadTest" finished-at="2023-08-24T09:48:09 IST" duration-ms="50341" status="PASS">
          <reporter-output>
          </reporter-output>
        </test-method> <!-- createAndDuplicateLeadTest -->
        <test-method is-config="true" signature="methodTearDown()[pri:0, instance:vtigerFinalScripts.CreateAndDuplicateLeadTest@57a78e3]" started-at="2023-08-24T09:48:09 IST" name="methodTearDown" finished-at="2023-08-24T09:48:15 IST" duration-ms="6251" status="PASS">
          <reporter-output>
          </reporter-output>
        </test-method> <!-- methodTearDown -->
        <test-method is-config="true" signature="classYearDown()[pri:0, instance:vtigerFinalScripts.CreateAndDuplicateLeadTest@57a78e3]" started-at="2023-08-24T09:48:15 IST" name="classYearDown" finished-at="2023-08-24T09:48:16 IST" duration-ms="825" status="PASS">
          <reporter-output>
          </reporter-output>
        </test-method> <!-- classYearDown -->
      </class> <!-- vtigerFinalScripts.CreateAndDuplicateLeadTest -->
    </test> <!-- Default test -->
  </suite> <!-- Default suite -->
</testng-results>
